<?xml version="1.0" encoding="UTF-8"?>
<!-- Generated by org.testng.reporters.JUnitReportReporter -->
<testsuite hostname="DESKTOP-3RLPL0A" name="com.automation.TestCases" tests="2" failures="0" timestamp="30 Apr 2020 09:29:40 GMT" time="32.616" errors="0">
  <testcase name="testcase4" time="17.827" classname="com.automation.TestCases"/>
  <testcase name="testcase1" time="14.789" classname="com.automation.TestCases"/>
</testsuite> <!-- com.automation.TestCases -->
